<?xml version="1.0" encoding="UTF-8"?>
<!-- Generated by org.testng.reporters.JUnitReportReporter -->
<testsuite hostname="sai-PC" name="com.app.qa.testcases.HomePageTest" tests="3" failures="1" timestamp="15 Mar 2021 15:30:32 GMT" time="69.460" errors="0">
  <testcase name="verifyHomePageTest" time="23.001" classname="com.app.qa.testcases.HomePageTest"/>
  <testcase name="verifyUserNameTest" time="46.449" classname="com.app.qa.testcases.HomePageTest"/>
  <testcase name="verifyContactlinktest" time="0.010" classname="com.app.qa.testcases.HomePageTest">
    <failure type="org.openqa.selenium.SessionNotCreatedException" message="session not created
from timeout: Timed out receiving message from renderer: 600.000
  (Session info: chrome=89.0.4389.82)
Build info: version: &#039;3.141.5&#039;, revision: &#039;d54ebd709a&#039;, time: &#039;2018-11-06T11:42:16&#039;
System info: host: &#039;SAI-PC&#039;, ip: &#039;192.168.43.220&#039;, os.name: &#039;Windows 7&#039;, os.arch: &#039;amd64&#039;, os.version: &#039;6.1&#039;, java.version: &#039;1.8.0_231&#039;
Driver info: driver.version: ChromeDriver
remote stacktrace: Backtrace:
	GetHandleVerifier [0x000CB963+483]
	GetHandleVerifier [0x000CB941+449]
	GetHandleVerifier [0x00473308+3832712]
	GetHandleVerifier [0x0046778C+3784716]
	GetHandleVerifier [0x00466A47+3781319]
	GetHandleVerifier [0x00466E36+3782326]
	GetHandleVerifier [0x00466765+3780581]
	GetHandleVerifier [0x0046FB21+3818401]
	GetHandleVerifier [0x00466721+3780513]
	GetHandleVerifier [0x004674B2+3783986]
	GetHandleVerifier [0x00466A47+3781319]
	GetHandleVerifier [0x00466E36+3782326]
	GetHandleVerifier [0x00466765+3780581]
	GetHandleVerifier [0x0046DF9C+3811356]
	GetHandleVerifier [0x00466721+3780513]
	GetHandleVerifier [0x004674B2+3783986]
	GetHandleVerifier [0x00466A47+3781319]
	GetHandleVerifier [0x00466E36+3782326]
	GetHandleVerifier [0x00466765+3780581]
	GetHandleVerifier [0x0046C392+3804178]
	GetHandleVerifier [0x00466721+3780513]
	GetHandleVerifier [0x004674B2+3783986]
	GetHandleVerifier [0x00466A47+3781319]
	GetHandleVerifier [0x00466E36+3782326]
	GetHandleVerifier [0x00466765+3780581]
	GetHandleVerifier [0x0046B655+3800789]
	GetHandleVerifier [0x00466721+3780513]
	GetHandleVerifier [0x004674B2+3783986]
	GetHandleVerifier [0x00466A47+3781319]
	GetHandleVerifier [0x00466E36+3782326]
	GetHandleVerifier [0x00466765+3780581]
	GetHandleVerifier [0x00462F46+3766214]
	GetHandleVerifier [0x00466721+3780513]
	GetHandleVerifier [0x00466543+3780035]
	GetHandleVerifier [0x00466337+3779511]
	GetHandleVerifier [0x00474540+3837376]
	GetHandleVerifier [0x004AF4BC+4078908]
	GetHandleVerifier [0x004AE56C+4074988]
	GetHandleVerifier [0x004AB2EB+4062059]
	GetHandleVerifier [0x0048ED14+3945876]
	GetHandleVerifier [0x0048FBCE+3949646]
	GetHandleVerifier [0x0048FB59+3949529]
	Ordinal0 [0x0008B5CC+46540]
	Ordinal0 [0x00089F53+40787]
	Ordinal0 [0x00089B12+39698]
	GetHandleVerifier [0x00391468+2907368]
	GetHandleVerifier [0x001D71EE+1096302]
	GetHandleVerifier [0x00193E8D+821005]
	GetHandleVerifier [0x0019396B+819691]
	GetHandleVerifier [0x00193881+819457]
	GetHandleVerifier [0x001BF463+998627]
	BaseThreadInitThunk [0x761E3677+18]
	RtlInitializeExceptionChain [0x779F9D72+99]
	RtlInitializeExceptionChain [0x779F9D45+54]
">
      <![CDATA[org.openqa.selenium.SessionNotCreatedException: session not created
from timeout: Timed out receiving message from renderer: 600.000
  (Session info: chrome=89.0.4389.82)
Build info: version: '3.141.5', revision: 'd54ebd709a', time: '2018-11-06T11:42:16'
System info: host: 'SAI-PC', ip: '192.168.43.220', os.name: 'Windows 7', os.arch: 'amd64', os.version: '6.1', java.version: '1.8.0_231'
Driver info: driver.version: ChromeDriver
remote stacktrace: Backtrace:
	GetHandleVerifier [0x000CB963+483]
	GetHandleVerifier [0x000CB941+449]
	GetHandleVerifier [0x00473308+3832712]
	GetHandleVerifier [0x0046778C+3784716]
	GetHandleVerifier [0x00466A47+3781319]
	GetHandleVerifier [0x00466E36+3782326]
	GetHandleVerifier [0x00466765+3780581]
	GetHandleVerifier [0x0046FB21+3818401]
	GetHandleVerifier [0x00466721+3780513]
	GetHandleVerifier [0x004674B2+3783986]
	GetHandleVerifier [0x00466A47+3781319]
	GetHandleVerifier [0x00466E36+3782326]
	GetHandleVerifier [0x00466765+3780581]
	GetHandleVerifier [0x0046DF9C+3811356]
	GetHandleVerifier [0x00466721+3780513]
	GetHandleVerifier [0x004674B2+3783986]
	GetHandleVerifier [0x00466A47+3781319]
	GetHandleVerifier [0x00466E36+3782326]
	GetHandleVerifier [0x00466765+3780581]
	GetHandleVerifier [0x0046C392+3804178]
	GetHandleVerifier [0x00466721+3780513]
	GetHandleVerifier [0x004674B2+3783986]
	GetHandleVerifier [0x00466A47+3781319]
	GetHandleVerifier [0x00466E36+3782326]
	GetHandleVerifier [0x00466765+3780581]
	GetHandleVerifier [0x0046B655+3800789]
	GetHandleVerifier [0x00466721+3780513]
	GetHandleVerifier [0x004674B2+3783986]
	GetHandleVerifier [0x00466A47+3781319]
	GetHandleVerifier [0x00466E36+3782326]
	GetHandleVerifier [0x00466765+3780581]
	GetHandleVerifier [0x00462F46+3766214]
	GetHandleVerifier [0x00466721+3780513]
	GetHandleVerifier [0x00466543+3780035]
	GetHandleVerifier [0x00466337+3779511]
	GetHandleVerifier [0x00474540+3837376]
	GetHandleVerifier [0x004AF4BC+4078908]
	GetHandleVerifier [0x004AE56C+4074988]
	GetHandleVerifier [0x004AB2EB+4062059]
	GetHandleVerifier [0x0048ED14+3945876]
	GetHandleVerifier [0x0048FBCE+3949646]
	GetHandleVerifier [0x0048FB59+3949529]
	Ordinal0 [0x0008B5CC+46540]
	Ordinal0 [0x00089F53+40787]
	Ordinal0 [0x00089B12+39698]
	GetHandleVerifier [0x00391468+2907368]
	GetHandleVerifier [0x001D71EE+1096302]
	GetHandleVerifier [0x00193E8D+821005]
	GetHandleVerifier [0x0019396B+819691]
	GetHandleVerifier [0x00193881+819457]
	GetHandleVerifier [0x001BF463+998627]
	BaseThreadInitThunk [0x761E3677+18]
	RtlInitializeExceptionChain [0x779F9D72+99]
	RtlInitializeExceptionChain [0x779F9D45+54]

	at sun.reflect.NativeConstructorAccessorImpl.newInstance0(Native Method)
	at sun.reflect.NativeConstructorAccessorImpl.newInstance(Unknown Source)
	at sun.reflect.DelegatingConstructorAccessorImpl.newInstance(Unknown Source)
	at java.lang.reflect.Constructor.newInstance(Unknown Source)
	at org.openqa.selenium.remote.W3CHandshakeResponse.lambda$errorHandler$0(W3CHandshakeResponse.java:62)
	at org.openqa.selenium.remote.HandshakeResponse.lambda$getResponseFunction$0(HandshakeResponse.java:30)
	at org.openqa.selenium.remote.ProtocolHandshake.lambda$createSession$0(ProtocolHandshake.java:123)
	at java.util.stream.ReferencePipeline$3$1.accept(Unknown Source)
	at java.util.Spliterators$ArraySpliterator.tryAdvance(Unknown Source)
	at java.util.stream.ReferencePipeline.forEachWithCancel(Unknown Source)
	at java.util.stream.AbstractPipeline.copyIntoWithCancel(Unknown Source)
	at java.util.stream.AbstractPipeline.copyInto(Unknown Source)
	at java.util.stream.AbstractPipeline.wrapAndCopyInto(Unknown Source)
	at java.util.stream.FindOps$FindOp.evaluateSequential(Unknown Source)
	at java.util.stream.AbstractPipeline.evaluate(Unknown Source)
	at java.util.stream.ReferencePipeline.findFirst(Unknown Source)
	at org.openqa.selenium.remote.ProtocolHandshake.createSession(ProtocolHandshake.java:125)
	at org.openqa.selenium.remote.ProtocolHandshake.createSession(ProtocolHandshake.java:74)
	at org.openqa.selenium.remote.HttpCommandExecutor.execute(HttpCommandExecutor.java:136)
	at org.openqa.selenium.remote.service.DriverCommandExecutor.execute(DriverCommandExecutor.java:83)
	at org.openqa.selenium.remote.RemoteWebDriver.execute(RemoteWebDriver.java:552)
	at org.openqa.selenium.remote.RemoteWebDriver.startSession(RemoteWebDriver.java:213)
	at org.openqa.selenium.remote.RemoteWebDriver.<init>(RemoteWebDriver.java:131)
	at org.openqa.selenium.chrome.ChromeDriver.<init>(ChromeDriver.java:181)
	at org.openqa.selenium.chrome.ChromeDriver.<init>(ChromeDriver.java:168)
	at org.openqa.selenium.chrome.ChromeDriver.<init>(ChromeDriver.java:123)
	at com.app.qa.base.TestBase.initialization(TestBase.java:47)
	at com.app.qa.testcases.HomePageTest.Setup(HomePageTest.java:27)
	at sun.reflect.NativeMethodAccessorImpl.invoke0(Native Method)
	at sun.reflect.NativeMethodAccessorImpl.invoke(Unknown Source)
	at sun.reflect.DelegatingMethodAccessorImpl.invoke(Unknown Source)
	at java.lang.reflect.Method.invoke(Unknown Source)
	at org.testng.internal.MethodInvocationHelper.invokeMethod(MethodInvocationHelper.java:84)
	at org.testng.internal.Invoker.invokeConfigurationMethod(Invoker.java:564)
	at org.testng.internal.Invoker.invokeConfigurations(Invoker.java:213)
	at org.testng.internal.Invoker.invokeMethod(Invoker.java:653)
	at org.testng.internal.Invoker.invokeTestMethod(Invoker.java:901)
	at org.testng.internal.Invoker.invokeTestMethods(Invoker.java:1231)
	at org.testng.internal.TestMethodWorker.invokeTestMethods(TestMethodWorker.java:127)
	at org.testng.internal.TestMethodWorker.run(TestMethodWorker.java:111)
	at org.testng.TestRunner.privateRun(TestRunner.java:767)
	at org.testng.TestRunner.run(TestRunner.java:617)
	at org.testng.SuiteRunner.runTest(SuiteRunner.java:334)
	at org.testng.SuiteRunner.runSequentially(SuiteRunner.java:329)
	at org.testng.SuiteRunner.privateRun(SuiteRunner.java:291)
	at org.testng.SuiteRunner.run(SuiteRunner.java:240)
	at org.testng.SuiteRunnerWorker.runSuite(SuiteRunnerWorker.java:52)
	at org.testng.SuiteRunnerWorker.run(SuiteRunnerWorker.java:86)
	at org.testng.TestNG.runSuitesSequentially(TestNG.java:1224)
	at org.testng.TestNG.runSuitesLocally(TestNG.java:1149)
	at org.testng.TestNG.run(TestNG.java:1057)
	at org.testng.remote.AbstractRemoteTestNG.run(AbstractRemoteTestNG.java:132)
	at org.testng.remote.RemoteTestNG.initAndRun(RemoteTestNG.java:236)
	at org.testng.remote.RemoteTestNG.main(RemoteTestNG.java:81)
]]>
    </failure>
  </testcase> <!-- verifyContactlinktest -->
</testsuite> <!-- com.app.qa.testcases.HomePageTest -->
